<?xml version="1.0" encoding="UTF-8"?>
<!-- Generated by org.testng.reporters.JUnitXMLReporter -->
<testsuite hostname="DESKTOP-IH3GRMK" ignored="2" name="Test" tests="10" failures="0" timestamp="2019-11-23T13:29:48 AST" time="3.434" errors="0">
  <testcase name="@BeforeTest login" time="0.089" classname="test.LeadFinding">
    <failure type="org.openqa.selenium.NoSuchElementException" message="no such element: Unable to locate element: {&amp;quot;method&amp;quot;:&amp;quot;css selector&amp;quot;,&amp;quot;selector&amp;quot;:&amp;quot;#username&amp;quot;}
  (Session info: chrome=78.0.3904.108)
For documentation on this error, please visit: https://www.seleniumhq.org/exceptions/no_such_element.html
Build info: version: &amp;apos;3.141.59&amp;apos;, revision: &amp;apos;e82be7d358&amp;apos;, time: &amp;apos;2018-11-14T08:17:03&amp;apos;
System info: host: &amp;apos;DESKTOP-IH3GRMK&amp;apos;, ip: &amp;apos;192.168.100.14&amp;apos;, os.name: &amp;apos;Windows 10&amp;apos;, os.arch: &amp;apos;amd64&amp;apos;, os.version: &amp;apos;10.0&amp;apos;, java.version: &amp;apos;1.8.0_171&amp;apos;
Driver info: org.openqa.selenium.chrome.ChromeDriver
Capabilities {acceptInsecureCerts: false, browserName: chrome, browserVersion: 78.0.3904.108, chrome: {chromedriverVersion: 77.0.3865.40 (f484704e052e0..., userDataDir: C:\Users\surya\AppData\Loca...}, goog:chromeOptions: {debuggerAddress: localhost:52168}, javascriptEnabled: true, networkConnectionEnabled: false, pageLoadStrategy: normal, platform: XP, platformName: XP, proxy: Proxy(), setWindowRect: true, strictFileInteractability: false, timeouts: {implicit: 0, pageLoad: 300000, script: 30000}, unhandledPromptBehavior: dismiss and notify}
Session ID: fe7aebd8b4d87420055c5c83a338091f
*** Element info: {Using=id, value=username}">
      <![CDATA[org.openqa.selenium.NoSuchElementException: no such element: Unable to locate element: {"method":"css selector","selector":"#username"}
  (Session info: chrome=78.0.3904.108)
For documentation on this error, please visit: https://www.seleniumhq.org/exceptions/no_such_element.html
Build info: version: '3.141.59', revision: 'e82be7d358', time: '2018-11-14T08:17:03'
System info: host: 'DESKTOP-IH3GRMK', ip: '192.168.100.14', os.name: 'Windows 10', os.arch: 'amd64', os.version: '10.0', java.version: '1.8.0_171'
Driver info: org.openqa.selenium.chrome.ChromeDriver
Capabilities {acceptInsecureCerts: false, browserName: chrome, browserVersion: 78.0.3904.108, chrome: {chromedriverVersion: 77.0.3865.40 (f484704e052e0..., userDataDir: C:\Users\surya\AppData\Loca...}, goog:chromeOptions: {debuggerAddress: localhost:52168}, javascriptEnabled: true, networkConnectionEnabled: false, pageLoadStrategy: normal, platform: XP, platformName: XP, proxy: Proxy(), setWindowRect: true, strictFileInteractability: false, timeouts: {implicit: 0, pageLoad: 300000, script: 30000}, unhandledPromptBehavior: dismiss and notify}
Session ID: fe7aebd8b4d87420055c5c83a338091f
*** Element info: {Using=id, value=username}
at org.openqa.selenium.remote.http.W3CHttpResponseCodec.createException(W3CHttpResponseCodec.java:187)
at org.openqa.selenium.remote.http.W3CHttpResponseCodec.decode(W3CHttpResponseCodec.java:122)
at org.openqa.selenium.remote.http.W3CHttpResponseCodec.decode(W3CHttpResponseCodec.java:49)
at org.openqa.selenium.remote.HttpCommandExecutor.execute(HttpCommandExecutor.java:158)
at org.openqa.selenium.remote.service.DriverCommandExecutor.execute(DriverCommandExecutor.java:83)
at org.openqa.selenium.remote.RemoteWebDriver.execute(RemoteWebDriver.java:552)
at org.openqa.selenium.remote.RemoteWebDriver.findElement(RemoteWebDriver.java:323)
at org.openqa.selenium.remote.RemoteWebDriver.findElementById(RemoteWebDriver.java:372)
at org.openqa.selenium.By$ById.findElement(By.java:188)
at org.openqa.selenium.remote.RemoteWebDriver.findElement(RemoteWebDriver.java:315)
at pages.LoginPage.username(LoginPage.java:16)
at test.LeadFinding.login(LeadFinding.java:27)
... Removed 28 stack frames]]>
    </failure>
  </testcase> <!-- @BeforeTest login -->
  <testcase name="@AfterTest logoff" time="-1.574504988488E9" classname="test.LeadCreation">
    <skipped/>
  </testcase> <!-- @AfterTest logoff -->
  <testcase name="@AfterTest logoff" time="-1.574504988496E9" classname="test.LeadFinding">
    <skipped/>
  </testcase> <!-- @AfterTest logoff -->
  <testcase name="leadCreation" time="0.0" classname="test.LeadCreation">
    <skipped/>
  </testcase> <!-- leadCreation -->
  <testcase name="leadCreation" time="0.0" classname="test.LeadCreation">
    <skipped/>
  </testcase> <!-- leadCreation -->
  <testcase name="leadCreation" time="0.0" classname="test.LeadCreation">
    <skipped/>
  </testcase> <!-- leadCreation -->
  <testcase name="leadCreation" time="0.0" classname="test.LeadCreation">
    <skipped/>
  </testcase> <!-- leadCreation -->
  <testcase name="leadCreation" time="0.0" classname="test.LeadCreation">
    <skipped/>
  </testcase> <!-- leadCreation -->
  <testcase name="leadFinding" time="0.0" classname="test.LeadFinding">
    <skipped/>
  </testcase> <!-- leadFinding -->
  <testcase name="leadFinding" time="0.0" classname="test.LeadFinding">
    <skipped/>
  </testcase> <!-- leadFinding -->
  <testcase name="leadFinding" time="0.0" classname="test.LeadFinding">
    <skipped/>
  </testcase> <!-- leadFinding -->
  <testcase name="leadFinding" time="0.0" classname="test.LeadFinding">
    <skipped/>
  </testcase> <!-- leadFinding -->
  <testcase name="leadFinding" time="0.0" classname="test.LeadFinding">
    <skipped/>
  </testcase> <!-- leadFinding -->
  <testcase name="@AfterSuite browserOff" time="0.0" classname="resources.BrowserOnAndOff">
    <ignored/>
  </testcase> <!-- @AfterSuite browserOff -->
  <testcase name="@BeforeSuite browserOn" time="0.0" classname="resources.BrowserOnAndOff">
    <ignored/>
  </testcase> <!-- @BeforeSuite browserOn -->
</testsuite> <!-- Test -->
